<?xml version="1.0" encoding="UTF-8"?>
<TestRun id="5f0aac01-f5f4-4fd3-b429-ab296b8d550e" name="mono@VIRTUAL_WIN 2012-04-18 05:56:13" runUser="virtual_win\mono" xmlns="http://microsoft.com/schemas/VisualStudio/TeamTest/2010">
  <TestSettings name="ローカル" id="c657b829-1f3b-4ff3-b506-8f2a7f5810c9">
    <Description>これらはローカル テスト実行用の既定のテスト設定です。</Description>
    <Deployment enabled="false" runDeploymentRoot="mono_VIRTUAL_WIN 2012-04-18 05_56_13">
      <DeploymentItem filename="c:\users\mono\documents\visual studio 2010\Projects\AutoMapperSample\AutoMapperSample\bin\Debug\AutoMapperSample.exe" />
      <DeploymentItem filename="c:\users\mono\documents\visual studio 2010\Projects\AutoMapperSample\packages\AutoMapper.2.1.266\lib\net40\AutoMapper.dll" />
    </Deployment>
    <Execution>
      <TestTypeSpecific />
      <AgentRule name="Execution Agents">
      </AgentRule>
    </Execution>
  </TestSettings>
  <Times creation="2012-04-18T05:56:13.0539022+09:00" queuing="2012-04-18T05:56:13.1319062+09:00" start="2012-04-18T05:56:13.2099102+09:00" finish="2012-04-18T05:56:13.5687286+09:00" />
  <ResultSummary outcome="Completed">
    <Counters total="1" executed="1" passed="1" error="0" failed="0" timeout="0" aborted="0" inconclusive="0" passedButRunAborted="0" notRunnable="0" notExecuted="0" disconnected="0" warning="0" completed="0" inProgress="0" pending="0" />
  </ResultSummary>
  <TestDefinitions>
    <UnitTest name="MapWithIgnoreTest" storage="c:\users\mono\documents\visual studio 2010\projects\automappersample\automappersample.test\bin\debug\automappersample.test.dll" id="73d7c0f0-bad5-a288-488d-32509a984170">
      <Execution id="1d4860ba-3196-43d6-805b-44cac9ee88d7" />
      <TestMethod codeBase="c:/users/mono/documents/visual studio 2010/Projects/AutoMapperSample/AutoMapperSample.Test/bin/Debug/AutoMapperSample.Test.DLL" adapterTypeName="Microsoft.VisualStudio.TestTools.TestTypes.Unit.UnitTestAdapter, Microsoft.VisualStudio.QualityTools.Tips.UnitTest.Adapter, Version=10.0.0.0, Culture=neutral, PublicKeyToken=b03f5f7f11d50a3a" className="AutoMapperSample.Test.AutoMapperDriverTest, AutoMapperSample.Test, Version=1.0.0.0, Culture=neutral, PublicKeyToken=null" name="MapWithIgnoreTest" />
    </UnitTest>
  </TestDefinitions>
  <TestLists>
    <TestList name="一覧に存在しない結果" id="8c84fa94-04c1-424b-9868-57a2d4851a1d" />
    <TestList name="読み込まれたすべての結果" id="19431567-8539-422a-85d7-44ee4e166bda" />
  </TestLists>
  <TestEntries>
    <TestEntry testId="73d7c0f0-bad5-a288-488d-32509a984170" executionId="1d4860ba-3196-43d6-805b-44cac9ee88d7" testListId="8c84fa94-04c1-424b-9868-57a2d4851a1d" />
  </TestEntries>
  <Results>
    <UnitTestResult executionId="1d4860ba-3196-43d6-805b-44cac9ee88d7" testId="73d7c0f0-bad5-a288-488d-32509a984170" testName="MapWithIgnoreTest" computerName="VIRTUAL_WIN" duration="00:00:00.0949921" startTime="2012-04-18T05:56:13.2723134+09:00" endTime="2012-04-18T05:56:13.5531278+09:00" testType="13cdc9d9-ddb5-4fa4-a97d-d965ccfc6d4b" outcome="Passed" testListId="8c84fa94-04c1-424b-9868-57a2d4851a1d" relativeResultsDirectory="1d4860ba-3196-43d6-805b-44cac9ee88d7">
    </UnitTestResult>
  </Results>
</TestRun>